Arguments: 
  D:\node\node.exe C:\Users\HS\AppData\Roaming\npm\node_modules\yarn\bin\yarn.js add tapble

PATH: 
  C:\Users\HS\bin;D:\Program Files\Git\mingw64\bin;D:\Program Files\Git\usr\local\bin;D:\Program Files\Git\usr\bin;D:\Program Files\Git\usr\bin;D:\Program Files\Git\mingw64\bin;D:\Program Files\Git\usr\bin;C:\Users\HS\bin;C:\Program Files (x86)\Python35-32\Scripts;D:\package\python;C:\php;C:\ProgramData\Oracle\Java\javapath;C:\Program Files (x86)\Intel\iCLS Client;C:\Program Files\Intel\iCLS Client;C:\windows\system32;C:\windows;C:\windows\System32\Wbem;C:\windows\System32\WindowsPowerShell\v1.0;C:\Program Files\Intel\Intel(R) Management Engine Components\DAL;C:\Program Files (x86)\Intel\Intel(R) Management Engine Components\DAL;C:\Program Files\Intel\Intel(R) Management Engine Components\IPT;C:\Program Files (x86)\Intel\Intel(R) Management Engine Components\IPT;C:\Program Files (x86)\Git\cmd;D:\Program Files\Microsoft VS Code\bin;D:\Program Files\Git\cmd;D:\node;D:\Program Files\Microsoft VS Code\bin;C:\Users\HS\AppData\Local\Programs\Fiddler;C:\Users\HS\AppData\Roaming\npm;D:\Program Files\Git\usr\bin\vendor_perl;D:\Program Files\Git\usr\bin\core_perl

Yarn version: 
  1.13.0

Node version: 
  9.10.0

Platform: 
  win32 x64

Trace: 
  Error: http://npm.hunantv.com/tapble: Not found
      at Request.params.callback [as _callback] (C:\Users\HS\AppData\Roaming\npm\node_modules\yarn\lib\cli.js:66255:18)
      at Request.self.callback (C:\Users\HS\AppData\Roaming\npm\node_modules\yarn\lib\cli.js:129397:22)
      at Request.emit (events.js:180:13)
      at Request.<anonymous> (C:\Users\HS\AppData\Roaming\npm\node_modules\yarn\lib\cli.js:130369:10)
      at Request.emit (events.js:180:13)
      at IncomingMessage.<anonymous> (C:\Users\HS\AppData\Roaming\npm\node_modules\yarn\lib\cli.js:130291:12)
      at Object.onceWrapper (events.js:272:13)
      at IncomingMessage.emit (events.js:185:15)
      at endReadableNT (_stream_readable.js:1106:12)
      at process._tickCallback (internal/process/next_tick.js:114:19)

npm manifest: 
  {
    "name": "webpack3",
    "version": "1.0.0",
    "main": "index.js",
    "license": "MIT",
    "scripts": {
      "build": "webpack",
      "dev": "webpack-dev-server"
    },
    "devDependencies": {
      "@babel/core": "^7.2.2",
      "@babel/plugin-syntax-dynamic-import": "^7.2.0",
      "@babel/preset-env": "^7.3.1",
      "@babel/preset-react": "^7.0.0",
      "babel-loader": "^8.0.5",
      "copy-webpack-plugin": "^4.6.0",
      "css-loader": "^2.1.0",
      "file-loader": "^3.0.1",
      "html-webpack-plugin": "^3.2.0",
      "jquery": "^3.3.1",
      "mini-css-extract-plugin": "^0.5.0",
      "moment": "^2.24.0",
      "style-loader": "^0.23.1",
      "tapable": "^1.1.1",
      "url-loader": "^1.1.2",
      "webpack": "^4.29.0",
      "webpack-cli": "^3.2.1",
      "webpack-dev-middleware": "^3.5.1",
      "webpack-dev-server": "^3.1.14",
      "webpack-merge": "^4.2.1"
    },
    "dependencies": {
      "bootstrap": "3",
      "clean-webpack-plugin": "^1.0.1",
      "expose-loader": "^0.7.5",
      "react": "^16.7.0",
      "react-dom": "^16.7.0"
    }
  }

yarn manifest: 
  No manifest

Lockfile: 
  No lockfile
